[debug] [2020-02-07T18:43:35.685Z] ----------------------------------------------------------------------
[debug] [2020-02-07T18:43:35.686Z] Command:       C:\Program Files\nodejs\node.exe C:\Users\Maxi\AppData\Roaming\npm\node_modules\firebase-tools\lib\bin\firebase.js deploy --only functions
[debug] [2020-02-07T18:43:35.686Z] CLI Version:   7.12.1
[debug] [2020-02-07T18:43:35.686Z] Platform:      win32
[debug] [2020-02-07T18:43:35.687Z] Node Version:  v12.13.1
[debug] [2020-02-07T18:43:35.687Z] Time:          Fri Feb 07 2020 19:43:35 GMT+0100 (GMT+01:00)
[debug] [2020-02-07T18:43:35.688Z] ----------------------------------------------------------------------
[debug] [2020-02-07T18:43:35.688Z] 
[debug] [2020-02-07T18:43:35.693Z] > command requires scopes: ["email","openid","https://www.googleapis.com/auth/cloudplatformprojects.readonly","https://www.googleapis.com/auth/firebase","https://www.googleapis.com/auth/cloud-platform"]
[debug] [2020-02-07T18:43:35.694Z] > authorizing via signed-in user
[debug] [2020-02-07T18:43:35.694Z] [iam] checking project dev-pfadi-morea for permissions ["cloudfunctions.functions.create","cloudfunctions.functions.delete","cloudfunctions.functions.get","cloudfunctions.functions.list","cloudfunctions.functions.update","cloudfunctions.operations.get","firebase.projects.get"]
[debug] [2020-02-07T18:43:35.695Z] > refreshing access token with scopes: ["email","https://www.googleapis.com/auth/cloud-platform","https://www.googleapis.com/auth/cloudplatformprojects.readonly","https://www.googleapis.com/auth/firebase","openid"]
[debug] [2020-02-07T18:43:35.695Z] >>> HTTP REQUEST POST https://www.googleapis.com/oauth2/v3/token  
 <request body omitted>
[debug] [2020-02-07T18:43:36.091Z] <<< HTTP RESPONSE 200
[debug] [2020-02-07T18:43:36.102Z] >>> HTTP REQUEST POST https://cloudresourcemanager.googleapis.com/v1/projects/dev-pfadi-morea:testIamPermissions  

[debug] [2020-02-07T18:43:37.172Z] <<< HTTP RESPONSE 200
[info] 
[info] === Deploying to 'dev-pfadi-morea'...
[info] 
[info] i  deploying functions
[debug] [2020-02-07T18:43:37.196Z] TypeError [ERR_INVALID_ARG_TYPE]: The "path" argument must be of type string. Received type undefined
    at validateString (internal/validators.js:112:11)
    at Object.join (path.js:375:7)
    at Config.path (C:\Users\Maxi\AppData\Roaming\npm\node_modules\firebase-tools\lib\config.js:149:39)
    at getChildEnvironment (C:\Users\Maxi\AppData\Roaming\npm\node_modules\firebase-tools\lib\deploy\lifecycleHooks.js:50:49)
    at runTargetCommands (C:\Users\Maxi\AppData\Roaming\npm\node_modules\firebase-tools\lib\deploy\lifecycleHooks.js:71:14)
    at C:\Users\Maxi\AppData\Roaming\npm\node_modules\firebase-tools\lib\deploy\lifecycleHooks.js:122:24
    at processTicksAndRejections (internal/process/task_queues.js:93:5)
[error] 
[error] Error: An unexpected error has occurred.
